E:\OPENCV开发记录全集\游戏\拼图游戏\GAME_JIGSAW_PUZZLE\GAME_JIGSAW_PUZZLE\DEBUG\GAME_JIGSAW_PUZZLE.PCH
E:\OPENCV开发记录全集\游戏\拼图游戏\GAME_JIGSAW_PUZZLE\GAME_JIGSAW_PUZZLE\DEBUG\STDAFX.OBJ
E:\OPENCV开发记录全集\游戏\拼图游戏\GAME_JIGSAW_PUZZLE\GAME_JIGSAW_PUZZLE\DEBUG\VC110.PDB
E:\OPENCV开发记录全集\游戏\拼图游戏\GAME_JIGSAW_PUZZLE\GAME_JIGSAW_PUZZLE\DEBUG\GAME_JIGSAW_PUZZLE.OBJ
E:\OPENCV开发记录全集\游戏\拼图游戏\GAME_JIGSAW_PUZZLE\GAME_JIGSAW_PUZZLE\DEBUG\PINTU.OBJ
E:\OPENCV开发记录全集\游戏\拼图游戏\GAME_JIGSAW_PUZZLE\DEBUG\GAME_JIGSAW_PUZZLE.ILK
E:\OPENCV开发记录全集\游戏\拼图游戏\GAME_JIGSAW_PUZZLE\DEBUG\GAME_JIGSAW_PUZZLE.EXE
E:\OPENCV开发记录全集\游戏\拼图游戏\GAME_JIGSAW_PUZZLE\DEBUG\GAME_JIGSAW_PUZZLE.PDB
E:\opencv开发记录全集\游戏\拼图游戏\Game_jigsaw_puzzle\Game_jigsaw_puzzle\Debug\Game_jigsaw_puzzle.obj
E:\opencv开发记录全集\游戏\拼图游戏\Game_jigsaw_puzzle\Game_jigsaw_puzzle\Debug\Pintu.obj
E:\opencv开发记录全集\游戏\拼图游戏\Game_jigsaw_puzzle\Game_jigsaw_puzzle\Debug\stdafx.obj
E:\opencv开发记录全集\游戏\拼图游戏\Game_jigsaw_puzzle\Game_jigsaw_puzzle\Debug\cl.command.1.tlog
E:\opencv开发记录全集\游戏\拼图游戏\Game_jigsaw_puzzle\Game_jigsaw_puzzle\Debug\CL.read.1.tlog
E:\opencv开发记录全集\游戏\拼图游戏\Game_jigsaw_puzzle\Game_jigsaw_puzzle\Debug\CL.write.1.tlog
E:\opencv开发记录全集\游戏\拼图游戏\Game_jigsaw_puzzle\Game_jigsaw_puzzle\Debug\link-cvtres.read.1.tlog
E:\opencv开发记录全集\游戏\拼图游戏\Game_jigsaw_puzzle\Game_jigsaw_puzzle\Debug\link-cvtres.write.1.tlog
E:\opencv开发记录全集\游戏\拼图游戏\Game_jigsaw_puzzle\Game_jigsaw_puzzle\Debug\link-rc.read.1.tlog
E:\opencv开发记录全集\游戏\拼图游戏\Game_jigsaw_puzzle\Game_jigsaw_puzzle\Debug\link-rc.write.1.tlog
E:\opencv开发记录全集\游戏\拼图游戏\Game_jigsaw_puzzle\Game_jigsaw_puzzle\Debug\link.command.1.tlog
E:\opencv开发记录全集\游戏\拼图游戏\Game_jigsaw_puzzle\Game_jigsaw_puzzle\Debug\link.read.1.tlog
E:\opencv开发记录全集\游戏\拼图游戏\Game_jigsaw_puzzle\Game_jigsaw_puzzle\Debug\link.write.1.tlog
E:\opencv开发记录全集\游戏\拼图游戏\Game_jigsaw_puzzle\Game_jigsaw_puzzle\Debug\Game_jigsaw_puzzle.pch
E:\opencv开发记录全集\游戏\拼图游戏\Game_jigsaw_puzzle\Game_jigsaw_puzzle\Debug\vc110.idb
E:\opencv开发记录全集\游戏\拼图游戏\Game_jigsaw_puzzle\Game_jigsaw_puzzle\Debug\vc110.pdb
E:\opencv开发记录全集\游戏\拼图游戏\Game_jigsaw_puzzle\Debug\Game_jigsaw_puzzle.pdb
E:\opencv开发记录全集\游戏\拼图游戏\Game_jigsaw_puzzle\Debug\Game_jigsaw_puzzle.exe
E:\opencv开发记录全集\游戏\拼图游戏\Game_jigsaw_puzzle\Debug\Game_jigsaw_puzzle.ilk
